[2025-10-17 00:13:37.095] [info] Using configuration file /home/dustin/.config/waybar/config.jsonc
[2025-10-17 00:13:37.096] [info] Using CSS file /home/dustin/.config/waybar/style.css
[2025-10-17 00:13:37.099] [info] Hyprland IPC starting
[2025-10-17 00:13:37.100] [info] Loading persistent workspaces from Hyprland workspace rules

** (waybar:287596): WARNING **: 00:13:37.116: Status Notifier Item with bus name ':1.861' and object path '/org/ayatana/NotificationItem/tray_icon_tray_app' is already registered
[2025-10-17 00:13:38.916] [info] Quitting.
[2025-10-17 00:13:38.917] [info] Hyprland IPC stopping...
[2025-10-17 00:13:43.401] [info] Using configuration file /home/dustin/.config/waybar/config.jsonc
[2025-10-17 00:13:43.402] [info] Using CSS file /home/dustin/.config/waybar/style.css
[2025-10-17 00:13:43.405] [info] Hyprland IPC starting
[2025-10-17 00:13:43.406] [info] Loading persistent workspaces from Hyprland workspace rules

** (waybar:287727): WARNING **: 00:13:43.421: Status Notifier Item with bus name ':1.861' and object path '/org/ayatana/NotificationItem/tray_icon_tray_app' is already registered

** (waybar:287727): WARNING **: 00:15:32.451: Status Notifier Item with bus name ':1.861' and object path '/org/ayatana/NotificationItem/tray_icon_tray_app' is already registered
[2025-10-17 00:17:11.092] [info] Bar removed from output: DP-1
[2025-10-17 00:17:13.190] [info] Loading persistent workspaces from Hyprland workspace rules

** (waybar:287727): WARNING **: 00:17:13.224: Status Notifier Item with bus name ':1.861' and object path '/org/ayatana/NotificationItem/tray_icon_tray_app' is already registered

** (waybar:287727): WARNING **: 00:17:31.307: Status Notifier Item with bus name ':1.861' and object path '/org/ayatana/NotificationItem/tray_icon_tray_app' is already registered

** (waybar:287727): WARNING **: 00:17:50.858: Status Notifier Item with bus name ':1.861' and object path '/org/ayatana/NotificationItem/tray_icon_tray_app' is already registered

** (waybar:287727): WARNING **: 00:19:22.563: Status Notifier Item with bus name ':1.861' and object path '/org/ayatana/NotificationItem/tray_icon_tray_app' is already registered

** (waybar:287727): WARNING **: 00:19:41.113: Status Notifier Item with bus name ':1.861' and object path '/org/ayatana/NotificationItem/tray_icon_tray_app' is already registered

** (waybar:287727): WARNING **: 00:19:53.635: Status Notifier Item with bus name ':1.861' and object path '/org/ayatana/NotificationItem/tray_icon_tray_app' is already registered

** (waybar:287727): WARNING **: 00:20:49.264: Status Notifier Item with bus name ':1.861' and object path '/org/ayatana/NotificationItem/tray_icon_tray_app' is already registered

** (waybar:287727): WARNING **: 00:21:24.856: Status Notifier Item with bus name ':1.861' and object path '/org/ayatana/NotificationItem/tray_icon_tray_app' is already registered

** (waybar:287727): WARNING **: 00:22:38.520: Status Notifier Item with bus name ':1.861' and object path '/org/ayatana/NotificationItem/tray_icon_tray_app' is already registered

** (waybar:287727): WARNING **: 00:22:43.034: Status Notifier Item with bus name ':1.861' and object path '/org/ayatana/NotificationItem/tray_icon_tray_app' is already registered

** (waybar:287727): WARNING **: 00:22:45.540: Status Notifier Item with bus name ':1.861' and object path '/org/ayatana/NotificationItem/tray_icon_tray_app' is already registered

** (waybar:287727): WARNING **: 00:25:03.341: Status Notifier Item with bus name ':1.861' and object path '/org/ayatana/NotificationItem/tray_icon_tray_app' is already registered

** (waybar:287727): WARNING **: 00:25:36.922: Status Notifier Item with bus name ':1.861' and object path '/org/ayatana/NotificationItem/tray_icon_tray_app' is already registered

** (waybar:287727): WARNING **: 00:26:17.486: Status Notifier Item with bus name ':1.861' and object path '/org/ayatana/NotificationItem/tray_icon_tray_app' is already registered

** (waybar:287727): WARNING **: 00:26:31.010: Status Notifier Item with bus name ':1.861' and object path '/org/ayatana/NotificationItem/tray_icon_tray_app' is already registered

** (waybar:287727): WARNING **: 00:26:50.543: Status Notifier Item with bus name ':1.861' and object path '/org/ayatana/NotificationItem/tray_icon_tray_app' is already registered

** (waybar:287727): WARNING **: 00:27:39.157: Status Notifier Item with bus name ':1.861' and object path '/org/ayatana/NotificationItem/tray_icon_tray_app' is already registered

** (waybar:287727): WARNING **: 00:28:12.741: Status Notifier Item with bus name ':1.861' and object path '/org/ayatana/NotificationItem/tray_icon_tray_app' is already registered

** (waybar:287727): WARNING **: 00:28:27.266: Status Notifier Item with bus name ':1.861' and object path '/org/ayatana/NotificationItem/tray_icon_tray_app' is already registered

** (waybar:287727): WARNING **: 00:31:01.158: Status Notifier Item with bus name ':1.861' and object path '/org/ayatana/NotificationItem/tray_icon_tray_app' is already registered

** (waybar:287727): WARNING **: 00:31:04.669: Status Notifier Item with bus name ':1.861' and object path '/org/ayatana/NotificationItem/tray_icon_tray_app' is already registered

** (waybar:287727): WARNING **: 00:31:37.247: Status Notifier Item with bus name ':1.861' and object path '/org/ayatana/NotificationItem/tray_icon_tray_app' is already registered

** (waybar:287727): WARNING **: 00:33:19.983: Status Notifier Item with bus name ':1.861' and object path '/org/ayatana/NotificationItem/tray_icon_tray_app' is already registered

** (waybar:287727): WARNING **: 00:33:37.527: Status Notifier Item with bus name ':1.861' and object path '/org/ayatana/NotificationItem/tray_icon_tray_app' is already registered

** (waybar:287727): WARNING **: 00:33:47.050: Status Notifier Item with bus name ':1.861' and object path '/org/ayatana/NotificationItem/tray_icon_tray_app' is already registered

** (waybar:287727): WARNING **: 00:35:12.761: Status Notifier Item with bus name ':1.861' and object path '/org/ayatana/NotificationItem/tray_icon_tray_app' is already registered

** (waybar:287727): WARNING **: 00:35:24.282: Status Notifier Item with bus name ':1.861' and object path '/org/ayatana/NotificationItem/tray_icon_tray_app' is already registered

** (waybar:287727): WARNING **: 00:35:26.791: Status Notifier Item with bus name ':1.861' and object path '/org/ayatana/NotificationItem/tray_icon_tray_app' is already registered

** (waybar:287727): WARNING **: 00:35:28.298: Status Notifier Item with bus name ':1.861' and object path '/org/ayatana/NotificationItem/tray_icon_tray_app' is already registered

** (waybar:287727): WARNING **: 00:35:29.803: Status Notifier Item with bus name ':1.861' and object path '/org/ayatana/NotificationItem/tray_icon_tray_app' is already registered

** (waybar:287727): WARNING **: 00:38:36.849: Status Notifier Item with bus name ':1.861' and object path '/org/ayatana/NotificationItem/tray_icon_tray_app' is already registered

** (waybar:287727): WARNING **: 00:38:45.371: Status Notifier Item with bus name ':1.861' and object path '/org/ayatana/NotificationItem/tray_icon_tray_app' is already registered

** (waybar:287727): WARNING **: 00:39:27.971: Status Notifier Item with bus name ':1.861' and object path '/org/ayatana/NotificationItem/tray_icon_tray_app' is already registered

** (waybar:287727): WARNING **: 00:39:38.490: Status Notifier Item with bus name ':1.861' and object path '/org/ayatana/NotificationItem/tray_icon_tray_app' is already registered

** (waybar:287727): WARNING **: 00:39:43.003: Status Notifier Item with bus name ':1.861' and object path '/org/ayatana/NotificationItem/tray_icon_tray_app' is already registered

** (waybar:287727): WARNING **: 00:40:36.619: Status Notifier Item with bus name ':1.861' and object path '/org/ayatana/NotificationItem/tray_icon_tray_app' is already registered

** (waybar:287727): WARNING **: 00:41:41.272: Status Notifier Item with bus name ':1.861' and object path '/org/ayatana/NotificationItem/tray_icon_tray_app' is already registered

** (waybar:287727): WARNING **: 00:42:07.831: Status Notifier Item with bus name ':1.861' and object path '/org/ayatana/NotificationItem/tray_icon_tray_app' is already registered

** (waybar:287727): WARNING **: 00:42:13.343: Status Notifier Item with bus name ':1.861' and object path '/org/ayatana/NotificationItem/tray_icon_tray_app' is already registered

** (waybar:287727): WARNING **: 00:42:34.882: Status Notifier Item with bus name ':1.861' and object path '/org/ayatana/NotificationItem/tray_icon_tray_app' is already registered

** (waybar:287727): WARNING **: 00:42:41.402: Status Notifier Item with bus name ':1.861' and object path '/org/ayatana/NotificationItem/tray_icon_tray_app' is already registered

** (waybar:287727): WARNING **: 00:44:30.157: Status Notifier Item with bus name ':1.861' and object path '/org/ayatana/NotificationItem/tray_icon_tray_app' is already registered

** (waybar:287727): WARNING **: 00:44:36.677: Status Notifier Item with bus name ':1.861' and object path '/org/ayatana/NotificationItem/tray_icon_tray_app' is already registered

** (waybar:287727): WARNING **: 00:46:03.375: Status Notifier Item with bus name ':1.861' and object path '/org/ayatana/NotificationItem/tray_icon_tray_app' is already registered

** (waybar:287727): WARNING **: 00:46:04.882: Status Notifier Item with bus name ':1.861' and object path '/org/ayatana/NotificationItem/tray_icon_tray_app' is already registered

** (waybar:287727): WARNING **: 00:46:20.423: Status Notifier Item with bus name ':1.861' and object path '/org/ayatana/NotificationItem/tray_icon_tray_app' is already registered

** (waybar:287727): WARNING **: 00:46:48.998: Status Notifier Item with bus name ':1.861' and object path '/org/ayatana/NotificationItem/tray_icon_tray_app' is already registered

** (waybar:287727): WARNING **: 00:47:39.587: Status Notifier Item with bus name ':1.861' and object path '/org/ayatana/NotificationItem/tray_icon_tray_app' is already registered

** (waybar:287727): WARNING **: 00:47:41.092: Status Notifier Item with bus name ':1.861' and object path '/org/ayatana/NotificationItem/tray_icon_tray_app' is already registered

** (waybar:287727): WARNING **: 00:49:28.847: Status Notifier Item with bus name ':1.861' and object path '/org/ayatana/NotificationItem/tray_icon_tray_app' is already registered

** (waybar:287727): WARNING **: 00:49:50.384: Status Notifier Item with bus name ':1.861' and object path '/org/ayatana/NotificationItem/tray_icon_tray_app' is already registered

** (waybar:287727): WARNING **: 00:49:57.904: Status Notifier Item with bus name ':1.861' and object path '/org/ayatana/NotificationItem/tray_icon_tray_app' is already registered

** (waybar:287727): WARNING **: 00:50:29.481: Status Notifier Item with bus name ':1.861' and object path '/org/ayatana/NotificationItem/tray_icon_tray_app' is already registered

** (waybar:287727): WARNING **: 00:58:23.926: Status Notifier Item with bus name ':1.861' and object path '/org/ayatana/NotificationItem/tray_icon_tray_app' is already registered

** (waybar:287727): WARNING **: 00:58:35.451: Status Notifier Item with bus name ':1.861' and object path '/org/ayatana/NotificationItem/tray_icon_tray_app' is already registered

** (waybar:287727): WARNING **: 00:58:44.978: Status Notifier Item with bus name ':1.861' and object path '/org/ayatana/NotificationItem/tray_icon_tray_app' is already registered

** (waybar:287727): WARNING **: 00:59:01.522: Status Notifier Item with bus name ':1.861' and object path '/org/ayatana/NotificationItem/tray_icon_tray_app' is already registered

** (waybar:287727): WARNING **: 00:59:09.541: Status Notifier Item with bus name ':1.861' and object path '/org/ayatana/NotificationItem/tray_icon_tray_app' is already registered

** (waybar:287727): WARNING **: 01:00:47.284: Status Notifier Item with bus name ':1.861' and object path '/org/ayatana/NotificationItem/tray_icon_tray_app' is already registered

** (waybar:287727): WARNING **: 01:01:06.833: Status Notifier Item with bus name ':1.861' and object path '/org/ayatana/NotificationItem/tray_icon_tray_app' is already registered

** (waybar:287727): WARNING **: 01:02:29.581: Status Notifier Item with bus name ':1.861' and object path '/org/ayatana/NotificationItem/tray_icon_tray_app' is already registered

** (waybar:287727): WARNING **: 01:03:18.173: Status Notifier Item with bus name ':1.861' and object path '/org/ayatana/NotificationItem/tray_icon_tray_app' is already registered

** (waybar:287727): WARNING **: 01:03:34.702: Status Notifier Item with bus name ':1.861' and object path '/org/ayatana/NotificationItem/tray_icon_tray_app' is already registered

** (waybar:287727): WARNING **: 01:03:45.225: Status Notifier Item with bus name ':1.861' and object path '/org/ayatana/NotificationItem/tray_icon_tray_app' is already registered

** (waybar:287727): WARNING **: 01:05:17.942: Status Notifier Item with bus name ':1.861' and object path '/org/ayatana/NotificationItem/tray_icon_tray_app' is already registered

** (waybar:287727): WARNING **: 01:05:21.451: Status Notifier Item with bus name ':1.861' and object path '/org/ayatana/NotificationItem/tray_icon_tray_app' is already registered

** (waybar:287727): WARNING **: 01:05:52.029: Status Notifier Item with bus name ':1.861' and object path '/org/ayatana/NotificationItem/tray_icon_tray_app' is already registered

** (waybar:287727): WARNING **: 01:05:54.536: Status Notifier Item with bus name ':1.861' and object path '/org/ayatana/NotificationItem/tray_icon_tray_app' is already registered

** (waybar:287727): WARNING **: 01:06:02.057: Status Notifier Item with bus name ':1.861' and object path '/org/ayatana/NotificationItem/tray_icon_tray_app' is already registered

** (waybar:287727): WARNING **: 01:06:05.571: Status Notifier Item with bus name ':1.861' and object path '/org/ayatana/NotificationItem/tray_icon_tray_app' is already registered

** (waybar:287727): WARNING **: 01:06:13.093: Status Notifier Item with bus name ':1.861' and object path '/org/ayatana/NotificationItem/tray_icon_tray_app' is already registered

** (waybar:287727): WARNING **: 01:06:16.604: Status Notifier Item with bus name ':1.861' and object path '/org/ayatana/NotificationItem/tray_icon_tray_app' is already registered

** (waybar:287727): WARNING **: 01:06:20.116: Status Notifier Item with bus name ':1.861' and object path '/org/ayatana/NotificationItem/tray_icon_tray_app' is already registered

** (waybar:287727): WARNING **: 01:07:33.869: Status Notifier Item with bus name ':1.861' and object path '/org/ayatana/NotificationItem/tray_icon_tray_app' is already registered

** (waybar:287727): WARNING **: 01:07:41.390: Status Notifier Item with bus name ':1.861' and object path '/org/ayatana/NotificationItem/tray_icon_tray_app' is already registered

** (waybar:287727): WARNING **: 01:07:59.935: Status Notifier Item with bus name ':1.861' and object path '/org/ayatana/NotificationItem/tray_icon_tray_app' is already registered

** (waybar:287727): WARNING **: 01:08:35.502: Status Notifier Item with bus name ':1.861' and object path '/org/ayatana/NotificationItem/tray_icon_tray_app' is already registered

** (waybar:287727): WARNING **: 01:09:11.097: Status Notifier Item with bus name ':1.861' and object path '/org/ayatana/NotificationItem/tray_icon_tray_app' is already registered

** (waybar:287727): WARNING **: 01:09:29.635: Status Notifier Item with bus name ':1.861' and object path '/org/ayatana/NotificationItem/tray_icon_tray_app' is already registered

** (waybar:287727): WARNING **: 01:09:33.647: Status Notifier Item with bus name ':1.861' and object path '/org/ayatana/NotificationItem/tray_icon_tray_app' is already registered

** (waybar:287727): WARNING **: 01:09:47.182: Status Notifier Item with bus name ':1.861' and object path '/org/ayatana/NotificationItem/tray_icon_tray_app' is already registered

** (waybar:287727): WARNING **: 01:09:51.693: Status Notifier Item with bus name ':1.861' and object path '/org/ayatana/NotificationItem/tray_icon_tray_app' is already registered

** (waybar:287727): WARNING **: 01:11:42.474: Status Notifier Item with bus name ':1.861' and object path '/org/ayatana/NotificationItem/tray_icon_tray_app' is already registered

** (waybar:287727): WARNING **: 01:12:41.119: Status Notifier Item with bus name ':1.861' and object path '/org/ayatana/NotificationItem/tray_icon_tray_app' is already registered

** (waybar:287727): WARNING **: 01:12:48.636: Status Notifier Item with bus name ':1.861' and object path '/org/ayatana/NotificationItem/tray_icon_tray_app' is already registered

** (waybar:287727): WARNING **: 01:14:58.473: Status Notifier Item with bus name ':1.861' and object path '/org/ayatana/NotificationItem/tray_icon_tray_app' is already registered

** (waybar:287727): WARNING **: 01:15:08.996: Status Notifier Item with bus name ':1.861' and object path '/org/ayatana/NotificationItem/tray_icon_tray_app' is already registered

** (waybar:287727): WARNING **: 01:15:17.518: Status Notifier Item with bus name ':1.861' and object path '/org/ayatana/NotificationItem/tray_icon_tray_app' is already registered

** (waybar:287727): WARNING **: 01:17:56.410: Status Notifier Item with bus name ':1.861' and object path '/org/ayatana/NotificationItem/tray_icon_tray_app' is already registered

** (waybar:287727): WARNING **: 01:17:56.914: Status Notifier Item with bus name ':1.861' and object path '/org/ayatana/NotificationItem/tray_icon_tray_app' is already registered

** (waybar:287727): WARNING **: 01:18:12.456: Status Notifier Item with bus name ':1.861' and object path '/org/ayatana/NotificationItem/tray_icon_tray_app' is already registered

** (waybar:287727): WARNING **: 01:19:16.098: Status Notifier Item with bus name ':1.861' and object path '/org/ayatana/NotificationItem/tray_icon_tray_app' is already registered

** (waybar:287727): WARNING **: 01:19:36.647: Status Notifier Item with bus name ':1.861' and object path '/org/ayatana/NotificationItem/tray_icon_tray_app' is already registered

** (waybar:287727): WARNING **: 01:19:38.152: Status Notifier Item with bus name ':1.861' and object path '/org/ayatana/NotificationItem/tray_icon_tray_app' is already registered

** (waybar:287727): WARNING **: 01:21:08.985: Status Notifier Item with bus name ':1.861' and object path '/org/ayatana/NotificationItem/tray_icon_tray_app' is already registered

** (waybar:287727): WARNING **: 01:21:29.539: Status Notifier Item with bus name ':1.861' and object path '/org/ayatana/NotificationItem/tray_icon_tray_app' is already registered

** (waybar:287727): WARNING **: 01:22:14.151: Status Notifier Item with bus name ':1.861' and object path '/org/ayatana/NotificationItem/tray_icon_tray_app' is already registered

** (waybar:287727): WARNING **: 01:26:16.279: Status Notifier Item with bus name ':1.861' and object path '/org/ayatana/NotificationItem/tray_icon_tray_app' is already registered

** (waybar:287727): WARNING **: 01:26:20.791: Status Notifier Item with bus name ':1.861' and object path '/org/ayatana/NotificationItem/tray_icon_tray_app' is already registered

** (waybar:287727): WARNING **: 01:26:26.306: Status Notifier Item with bus name ':1.861' and object path '/org/ayatana/NotificationItem/tray_icon_tray_app' is already registered

** (waybar:287727): WARNING **: 01:26:29.815: Status Notifier Item with bus name ':1.861' and object path '/org/ayatana/NotificationItem/tray_icon_tray_app' is already registered

** (waybar:287727): WARNING **: 01:27:29.650: Status Notifier Item with bus name ':1.861' and object path '/org/ayatana/NotificationItem/tray_icon_tray_app' is already registered

** (waybar:287727): WARNING **: 01:28:11.222: Status Notifier Item with bus name ':1.861' and object path '/org/ayatana/NotificationItem/tray_icon_tray_app' is already registered

** (waybar:287727): WARNING **: 01:28:13.729: Status Notifier Item with bus name ':1.861' and object path '/org/ayatana/NotificationItem/tray_icon_tray_app' is already registered

** (waybar:287727): WARNING **: 01:29:59.560: Status Notifier Item with bus name ':1.861' and object path '/org/ayatana/NotificationItem/tray_icon_tray_app' is already registered

** (waybar:287727): WARNING **: 01:30:05.074: Status Notifier Item with bus name ':1.861' and object path '/org/ayatana/NotificationItem/tray_icon_tray_app' is already registered

** (waybar:287727): WARNING **: 01:31:18.682: Status Notifier Item with bus name ':1.861' and object path '/org/ayatana/NotificationItem/tray_icon_tray_app' is already registered

** (waybar:287727): WARNING **: 01:32:00.816: Status Notifier Item with bus name ':1.861' and object path '/org/ayatana/NotificationItem/tray_icon_tray_app' is already registered

** (waybar:287727): WARNING **: 01:32:02.322: Status Notifier Item with bus name ':1.861' and object path '/org/ayatana/NotificationItem/tray_icon_tray_app' is already registered
